29-06-22 15:04:19 [info]: App is UP and Running at PORT: 3000
29-06-22 15:04:21 [info]: - - - [29/Jun/2022:09:34:21 +0000] "GET / HTTP/1.1" 200 106 "https://localhost:3000/" "Mozilla/5.0 (Windows NT 10.0; Win64; x64) AppleWebKit/537.36 (KHTML, like Gecko) Chrome/103.0.0.0 Safari/537.36"

29-06-22 15:06:19 [info]: App is UP and Running at PORT: 3000
29-06-22 15:06:20 [info]: - - - [29/Jun/2022:09:36:20 +0000] "GET / HTTP/1.1" 200 106 "https://localhost:3000/" "Mozilla/5.0 (Windows NT 10.0; Win64; x64) AppleWebKit/537.36 (KHTML, like Gecko) Chrome/103.0.0.0 Safari/537.36"

29-06-22 15:17:56 [info]: App is UP and Running at PORT: 3000
29-06-22 15:17:57 [info]: - - - [29/Jun/2022:09:47:57 +0000] "GET / HTTP/1.1" 200 106 "https://localhost:3000/" "Mozilla/5.0 (Windows NT 10.0; Win64; x64) AppleWebKit/537.36 (KHTML, like Gecko) Chrome/103.0.0.0 Safari/537.36"

29-06-22 15:20:09 [info]: App is UP and Running at PORT: 3000
29-06-22 15:20:10 [info]: - - - [29/Jun/2022:09:50:10 +0000] "GET / HTTP/1.1" 200 106 "https://localhost:3000/" "Mozilla/5.0 (Windows NT 10.0; Win64; x64) AppleWebKit/537.36 (KHTML, like Gecko) Chrome/103.0.0.0 Safari/537.36"

29-06-22 15:20:32 [info]: App is UP and Running at PORT: 3000
29-06-22 15:20:33 [info]: - - - [29/Jun/2022:09:50:33 +0000] "GET / HTTP/1.1" 200 106 "https://localhost:3000/" "Mozilla/5.0 (Windows NT 10.0; Win64; x64) AppleWebKit/537.36 (KHTML, like Gecko) Chrome/103.0.0.0 Safari/537.36"

29-06-22 15:23:13 [info]: App is UP and Running at PORT: 3000
29-06-22 15:23:14 [info]: - - - [29/Jun/2022:09:53:14 +0000] "GET / HTTP/1.1" 200 106 "https://localhost:3000/" "Mozilla/5.0 (Windows NT 10.0; Win64; x64) AppleWebKit/537.36 (KHTML, like Gecko) Chrome/103.0.0.0 Safari/537.36"

29-06-22 15:23:37 [info]: App is UP and Running at PORT: 3000
29-06-22 15:23:38 [info]: - - - [29/Jun/2022:09:53:38 +0000] "GET / HTTP/1.1" 200 106 "https://localhost:3000/" "Mozilla/5.0 (Windows NT 10.0; Win64; x64) AppleWebKit/537.36 (KHTML, like Gecko) Chrome/103.0.0.0 Safari/537.36"

29-06-22 15:24:39 [info]: App is UP and Running at PORT: 3000
29-06-22 15:24:40 [info]: - - - [29/Jun/2022:09:54:40 +0000] "GET / HTTP/1.1" 200 106 "https://localhost:3000/" "Mozilla/5.0 (Windows NT 10.0; Win64; x64) AppleWebKit/537.36 (KHTML, like Gecko) Chrome/103.0.0.0 Safari/537.36"

29-06-22 15:24:56 [info]: App is UP and Running at PORT: 3000
29-06-22 15:24:57 [info]: - - - [29/Jun/2022:09:54:57 +0000] "GET / HTTP/1.1" 200 106 "https://localhost:3000/" "Mozilla/5.0 (Windows NT 10.0; Win64; x64) AppleWebKit/537.36 (KHTML, like Gecko) Chrome/103.0.0.0 Safari/537.36"

29-06-22 15:26:01 [info]: App is UP and Running at PORT: 3000
29-06-22 15:26:01 [info]: - - - [29/Jun/2022:09:56:01 +0000] "GET / HTTP/1.1" 200 106 "https://localhost:3000/" "Mozilla/5.0 (Windows NT 10.0; Win64; x64) AppleWebKit/537.36 (KHTML, like Gecko) Chrome/103.0.0.0 Safari/537.36"

29-06-22 15:41:18 [info]: App is UP and Running at PORT: 3000
29-06-22 15:41:19 [info]: - - - [29/Jun/2022:10:11:19 +0000] "GET / HTTP/1.1" 200 106 "https://localhost:3000/" "Mozilla/5.0 (Windows NT 10.0; Win64; x64) AppleWebKit/537.36 (KHTML, like Gecko) Chrome/103.0.0.0 Safari/537.36"

29-06-22 15:43:48 [info]: App is UP and Running at PORT: 3000
29-06-22 15:43:48 [info]: - - - [29/Jun/2022:10:13:48 +0000] "GET / HTTP/1.1" 200 106 "https://localhost:3000/" "Mozilla/5.0 (Windows NT 10.0; Win64; x64) AppleWebKit/537.36 (KHTML, like Gecko) Chrome/103.0.0.0 Safari/537.36"

29-06-22 15:44:17 [info]: App is UP and Running at PORT: 3000
29-06-22 15:44:18 [info]: - - - [29/Jun/2022:10:14:18 +0000] "GET / HTTP/1.1" 200 106 "https://localhost:3000/" "Mozilla/5.0 (Windows NT 10.0; Win64; x64) AppleWebKit/537.36 (KHTML, like Gecko) Chrome/103.0.0.0 Safari/537.36"

29-06-22 15:46:03 [info]: App is UP and Running at PORT: 3000
29-06-22 15:46:04 [info]: - - - [29/Jun/2022:10:16:04 +0000] "GET / HTTP/1.1" 200 106 "https://localhost:3000/" "Mozilla/5.0 (Windows NT 10.0; Win64; x64) AppleWebKit/537.36 (KHTML, like Gecko) Chrome/103.0.0.0 Safari/537.36"

29-06-22 15:46:28 [info]: App is UP and Running at PORT: 3000
29-06-22 15:46:28 [info]: - - - [29/Jun/2022:10:16:28 +0000] "GET / HTTP/1.1" 200 106 "https://localhost:3000/" "Mozilla/5.0 (Windows NT 10.0; Win64; x64) AppleWebKit/537.36 (KHTML, like Gecko) Chrome/103.0.0.0 Safari/537.36"

29-06-22 15:47:54 [info]: App is UP and Running at PORT: 3000
29-06-22 15:47:54 [info]: - - - [29/Jun/2022:10:17:54 +0000] "GET / HTTP/1.1" 200 106 "https://localhost:3000/" "Mozilla/5.0 (Windows NT 10.0; Win64; x64) AppleWebKit/537.36 (KHTML, like Gecko) Chrome/103.0.0.0 Safari/537.36"

29-06-22 15:49:31 [info]: App is UP and Running at PORT: 3000
29-06-22 15:49:32 [info]: - - - [29/Jun/2022:10:19:32 +0000] "GET / HTTP/1.1" 200 106 "https://localhost:3000/" "Mozilla/5.0 (Windows NT 10.0; Win64; x64) AppleWebKit/537.36 (KHTML, like Gecko) Chrome/103.0.0.0 Safari/537.36"

29-06-22 15:49:48 [info]: App is UP and Running at PORT: 3000
29-06-22 15:49:49 [info]: - - - [29/Jun/2022:10:19:49 +0000] "GET / HTTP/1.1" 200 106 "https://localhost:3000/" "Mozilla/5.0 (Windows NT 10.0; Win64; x64) AppleWebKit/537.36 (KHTML, like Gecko) Chrome/103.0.0.0 Safari/537.36"

29-06-22 15:51:49 [info]: App is UP and Running at PORT: 3000
29-06-22 15:51:50 [info]: - - - [29/Jun/2022:10:21:50 +0000] "GET / HTTP/1.1" 200 106 "https://localhost:3000/" "Mozilla/5.0 (Windows NT 10.0; Win64; x64) AppleWebKit/537.36 (KHTML, like Gecko) Chrome/103.0.0.0 Safari/537.36"

29-06-22 15:52:12 [info]: App is UP and Running at PORT: 3000
29-06-22 15:52:12 [info]: - - - [29/Jun/2022:10:22:12 +0000] "GET / HTTP/1.1" 200 106 "https://localhost:3000/" "Mozilla/5.0 (Windows NT 10.0; Win64; x64) AppleWebKit/537.36 (KHTML, like Gecko) Chrome/103.0.0.0 Safari/537.36"

29-06-22 15:52:32 [info]: App is UP and Running at PORT: 3000
29-06-22 15:52:32 [info]: - - - [29/Jun/2022:10:22:32 +0000] "GET / HTTP/1.1" 200 106 "https://localhost:3000/" "Mozilla/5.0 (Windows NT 10.0; Win64; x64) AppleWebKit/537.36 (KHTML, like Gecko) Chrome/103.0.0.0 Safari/537.36"

13-07-22 11:59:35 [info]: App is UP and Running at PORT: 3000
13-07-22 12:00:58 [info]: App is UP and Running at PORT: 3000
13-07-22 12:02:54 [info]: App is UP and Running at PORT: undefined:3000
13-07-22 12:03:23 [info]: App is UP and Running at PORT: nidhey27-rolocrm-fnl1l2xfazz:3000
13-07-22 12:06:45 [info]: App is UP and Running at PORT: nidhey27-rolocrm-fnl1l2xfazz:3000
13-07-22 12:08:44 [info]: ::ffff:10.20.142.71 - - [13/Jul/2022:12:08:44 +0000] "GET / HTTP/1.1" 200 106 "https://nidhey27-rolocrm-fnl1l2xfazz.ws-us54.gitpod.io/" "Mozilla/5.0 (Windows NT 10.0; Win64; x64) AppleWebKit/537.36 (KHTML, like Gecko) Chrome/103.0.0.0 Safari/537.36"

13-07-22 12:08:45 [info]: ::ffff:10.20.142.71 - - [13/Jul/2022:12:08:45 +0000] "GET /favicon.ico HTTP/1.1" 404 150 "https://3000-nidhey27-rolocrm-fnl1l2xfazz.ws-us54.gitpod.io/" "Mozilla/5.0 (Windows NT 10.0; Win64; x64) AppleWebKit/537.36 (KHTML, like Gecko) Chrome/103.0.0.0 Safari/537.36"

13-07-22 12:08:46 [info]: ::ffff:10.20.142.71 - - [13/Jul/2022:12:08:46 +0000] "GET /?vscodeBrowserReqId=1657714125917 HTTP/1.1" 200 106 "https://0akvt64aovohuft2v37t2e8fkjvke151l3v9of50ecarppi10rf0.ws-us54.gitpod.io/" "Mozilla/5.0 (Windows NT 10.0; Win64; x64) AppleWebKit/537.36 (KHTML, like Gecko) Chrome/103.0.0.0 Safari/537.36"

13-07-22 12:11:32 [info]: App is UP and Running at PORT: nidhey27-rolocrm-fnl1l2xfazz:3000
13-07-22 12:11:57 [info]: App is UP and Running at PORT: nidhey27-rolocrm-fnl1l2xfazz:3000
13-07-22 12:12:40 [info]: App is UP and Running at PORT: nidhey27-rolocrm-fnl1l2xfazz:3000
13-07-22 12:12:42 [info]: App is UP and Running at PORT: nidhey27-rolocrm-fnl1l2xfazz:3000
13-07-22 12:13:11 [info]: App is UP and Running at PORT: nidhey27-rolocrm-fnl1l2xfazz:3000
13-07-22 12:13:14 [info]: App is UP and Running at PORT: nidhey27-rolocrm-fnl1l2xfazz:3000
13-07-22 12:13:59 [info]: App is UP and Running at PORT: nidhey27-rolocrm-fnl1l2xfazz:3000
13-07-22 12:14:03 [info]: App is UP and Running at PORT: nidhey27-rolocrm-fnl1l2xfazz:3000
13-07-22 12:15:08 [info]: App is UP and Running at PORT: nidhey27-rolocrm-fnl1l2xfazz:3000
13-07-22 12:15:15 [info]: App is UP and Running at PORT: nidhey27-rolocrm-fnl1l2xfazz:3000
13-07-22 12:15:57 [info]: App is UP and Running at PORT: nidhey27-rolocrm-fnl1l2xfazz:3000
13-07-22 12:15:59 [info]: App is UP and Running at PORT: nidhey27-rolocrm-fnl1l2xfazz:3000
13-07-22 12:16:04 [info]: App is UP and Running at PORT: nidhey27-rolocrm-fnl1l2xfazz:3000
13-07-22 12:16:13 [info]: App is UP and Running at PORT: nidhey27-rolocrm-fnl1l2xfazz:3000
13-07-22 12:17:30 [info]: App is UP and Running at PORT: nidhey27-rolocrm-fnl1l2xfazz:3000
13-07-22 12:19:46 [info]: App is UP and Running at PORT: nidhey27-rolocrm-fnl1l2xfazz:3000
13-07-22 12:19:50 [info]: App is UP and Running at PORT: nidhey27-rolocrm-fnl1l2xfazz:3000
13-07-22 12:19:54 [info]: App is UP and Running at PORT: nidhey27-rolocrm-fnl1l2xfazz:3000
13-07-22 12:19:59 [info]: App is UP and Running at PORT: nidhey27-rolocrm-fnl1l2xfazz:3000
13-07-22 12:20:19 [info]: App is UP and Running at PORT: nidhey27-rolocrm-fnl1l2xfazz:3000
13-07-22 12:20:31 [info]: App is UP and Running at PORT: nidhey27-rolocrm-fnl1l2xfazz:3000
13-07-22 12:21:00 [info]: App is UP and Running at PORT: nidhey27-rolocrm-fnl1l2xfazz:3000
13-07-22 12:21:02 [info]: App is UP and Running at PORT: nidhey27-rolocrm-fnl1l2xfazz:3000
13-07-22 12:21:15 [info]: App is UP and Running at PORT: nidhey27-rolocrm-fnl1l2xfazz:3000
13-07-22 12:37:57 [info]: App is UP and Running at PORT: nidhey27-rolocrm-fnl1l2xfazz:3000
13-07-22 12:41:32 [info]: App is UP and Running at PORT: nidhey27-rolocrm-fnl1l2xfazz:3000
13-07-22 12:43:30 [info]: App is UP and Running at PORT: nidhey27-rolocrm-fnl1l2xfazz:3000
13-07-22 12:43:43 [info]: App is UP and Running at PORT: nidhey27-rolocrm-fnl1l2xfazz:3000
13-07-22 12:44:09 [info]: App is UP and Running at PORT: nidhey27-rolocrm-fnl1l2xfazz:3000
13-07-22 12:44:14 [info]: App is UP and Running at PORT: nidhey27-rolocrm-fnl1l2xfazz:3000
13-07-22 12:46:42 [info]: App is UP and Running at PORT: nidhey27-rolocrm-fnl1l2xfazz:3000
13-07-22 12:46:47 [info]: App is UP and Running at PORT: nidhey27-rolocrm-fnl1l2xfazz:3000
13-07-22 12:46:53 [info]: App is UP and Running at PORT: nidhey27-rolocrm-fnl1l2xfazz:3000
13-07-22 12:46:59 [info]: App is UP and Running at PORT: nidhey27-rolocrm-fnl1l2xfazz:3000
13-07-22 12:47:01 [info]: App is UP and Running at PORT: nidhey27-rolocrm-fnl1l2xfazz:3000
13-07-22 12:47:12 [info]: App is UP and Running at PORT: nidhey27-rolocrm-fnl1l2xfazz:3000
13-07-22 12:47:19 [info]: App is UP and Running at PORT: nidhey27-rolocrm-fnl1l2xfazz:3000
13-07-22 12:47:37 [info]: App is UP and Running at PORT: nidhey27-rolocrm-fnl1l2xfazz:3000
13-07-22 12:47:42 [info]: App is UP and Running at PORT: nidhey27-rolocrm-fnl1l2xfazz:3000
13-07-22 12:47:47 [info]: App is UP and Running at PORT: nidhey27-rolocrm-fnl1l2xfazz:3000
13-07-22 12:47:48 [info]: App is UP and Running at PORT: nidhey27-rolocrm-fnl1l2xfazz:3000
13-07-22 12:47:50 [info]: App is UP and Running at PORT: nidhey27-rolocrm-fnl1l2xfazz:3000
13-07-22 12:47:57 [info]: App is UP and Running at PORT: nidhey27-rolocrm-fnl1l2xfazz:3000
13-07-22 12:47:58 [info]: App is UP and Running at PORT: nidhey27-rolocrm-fnl1l2xfazz:3000
13-07-22 12:48:02 [info]: App is UP and Running at PORT: nidhey27-rolocrm-fnl1l2xfazz:3000
13-07-22 12:48:04 [info]: App is UP and Running at PORT: nidhey27-rolocrm-fnl1l2xfazz:3000
13-07-22 12:48:06 [info]: App is UP and Running at PORT: nidhey27-rolocrm-fnl1l2xfazz:3000
13-07-22 12:48:13 [info]: App is UP and Running at PORT: nidhey27-rolocrm-fnl1l2xfazz:3000
13-07-22 12:48:21 [info]: App is UP and Running at PORT: nidhey27-rolocrm-fnl1l2xfazz:3000
13-07-22 12:48:25 [info]: App is UP and Running at PORT: nidhey27-rolocrm-fnl1l2xfazz:3000
13-07-22 12:48:28 [info]: App is UP and Running at PORT: nidhey27-rolocrm-fnl1l2xfazz:3000
13-07-22 12:48:32 [info]: App is UP and Running at PORT: nidhey27-rolocrm-fnl1l2xfazz:3000
13-07-22 12:48:34 [info]: App is UP and Running at PORT: nidhey27-rolocrm-fnl1l2xfazz:3000
13-07-22 12:48:37 [info]: App is UP and Running at PORT: nidhey27-rolocrm-fnl1l2xfazz:3000
13-07-22 12:48:41 [info]: App is UP and Running at PORT: nidhey27-rolocrm-fnl1l2xfazz:3000
13-07-22 12:48:44 [info]: App is UP and Running at PORT: nidhey27-rolocrm-fnl1l2xfazz:3000
13-07-22 12:48:46 [info]: App is UP and Running at PORT: nidhey27-rolocrm-fnl1l2xfazz:3000
13-07-22 12:48:48 [info]: App is UP and Running at PORT: nidhey27-rolocrm-fnl1l2xfazz:3000
13-07-22 12:48:58 [info]: App is UP and Running at PORT: nidhey27-rolocrm-fnl1l2xfazz:3000
13-07-22 12:49:00 [info]: App is UP and Running at PORT: nidhey27-rolocrm-fnl1l2xfazz:3000
13-07-22 12:49:05 [info]: App is UP and Running at PORT: nidhey27-rolocrm-fnl1l2xfazz:3000
13-07-22 12:49:09 [info]: App is UP and Running at PORT: nidhey27-rolocrm-fnl1l2xfazz:3000
13-07-22 12:49:34 [info]: App is UP and Running at PORT: nidhey27-rolocrm-fnl1l2xfazz:3000
13-07-22 12:49:38 [info]: App is UP and Running at PORT: nidhey27-rolocrm-fnl1l2xfazz:3000
13-07-22 12:49:42 [info]: App is UP and Running at PORT: nidhey27-rolocrm-fnl1l2xfazz:3000
13-07-22 12:49:58 [info]: App is UP and Running at PORT: nidhey27-rolocrm-fnl1l2xfazz:3000
13-07-22 12:50:12 [info]: App is UP and Running at PORT: nidhey27-rolocrm-fnl1l2xfazz:3000
13-07-22 12:50:24 [info]: App is UP and Running at PORT: nidhey27-rolocrm-fnl1l2xfazz:3000
13-07-22 12:50:32 [info]: App is UP and Running at PORT: nidhey27-rolocrm-fnl1l2xfazz:3000
13-07-22 12:50:43 [info]: App is UP and Running at PORT: nidhey27-rolocrm-fnl1l2xfazz:3000
13-07-22 12:51:08 [info]: App is UP and Running at PORT: nidhey27-rolocrm-fnl1l2xfazz:3000
13-07-22 12:51:56 [info]: App is UP and Running at PORT: nidhey27-rolocrm-fnl1l2xfazz:3000
13-07-22 12:52:12 [info]: App is UP and Running at PORT: nidhey27-rolocrm-fnl1l2xfazz:3000
13-07-22 12:52:15 [info]: App is UP and Running at PORT: nidhey27-rolocrm-fnl1l2xfazz:3000
13-07-22 12:52:21 [info]: App is UP and Running at PORT: nidhey27-rolocrm-fnl1l2xfazz:3000
13-07-22 12:52:23 [info]: App is UP and Running at PORT: nidhey27-rolocrm-fnl1l2xfazz:3000
13-07-22 12:53:16 [info]: App is UP and Running at PORT: nidhey27-rolocrm-fnl1l2xfazz:3000
13-07-22 12:53:27 [info]: App is UP and Running at PORT: nidhey27-rolocrm-fnl1l2xfazz:3000
13-07-22 12:53:35 [info]: App is UP and Running at PORT: nidhey27-rolocrm-fnl1l2xfazz:3000
13-07-22 12:53:39 [info]: App is UP and Running at PORT: nidhey27-rolocrm-fnl1l2xfazz:3000
13-07-22 12:53:54 [info]: App is UP and Running at PORT: nidhey27-rolocrm-fnl1l2xfazz:3000
13-07-22 12:53:57 [info]: App is UP and Running at PORT: nidhey27-rolocrm-fnl1l2xfazz:3000
13-07-22 12:54:02 [info]: App is UP and Running at PORT: nidhey27-rolocrm-fnl1l2xfazz:3000
13-07-22 12:54:04 [info]: App is UP and Running at PORT: nidhey27-rolocrm-fnl1l2xfazz:3000
13-07-22 12:54:09 [info]: App is UP and Running at PORT: nidhey27-rolocrm-fnl1l2xfazz:3000
13-07-22 12:54:17 [info]: App is UP and Running at PORT: nidhey27-rolocrm-fnl1l2xfazz:3000
13-07-22 12:54:30 [info]: App is UP and Running at PORT: nidhey27-rolocrm-fnl1l2xfazz:3000
13-07-22 12:54:34 [info]: App is UP and Running at PORT: nidhey27-rolocrm-fnl1l2xfazz:3000
13-07-22 12:54:37 [info]: App is UP and Running at PORT: nidhey27-rolocrm-fnl1l2xfazz:3000
13-07-22 12:54:39 [info]: App is UP and Running at PORT: nidhey27-rolocrm-fnl1l2xfazz:3000
13-07-22 12:54:44 [info]: App is UP and Running at PORT: nidhey27-rolocrm-fnl1l2xfazz:3000
13-07-22 12:55:01 [info]: App is UP and Running at PORT: nidhey27-rolocrm-fnl1l2xfazz:3000
13-07-22 12:55:07 [info]: App is UP and Running at PORT: nidhey27-rolocrm-fnl1l2xfazz:3000
13-07-22 12:55:10 [info]: App is UP and Running at PORT: nidhey27-rolocrm-fnl1l2xfazz:3000
13-07-22 12:55:47 [info]: App is UP and Running at PORT: nidhey27-rolocrm-fnl1l2xfazz:3000
13-07-22 12:55:50 [info]: App is UP and Running at PORT: nidhey27-rolocrm-fnl1l2xfazz:3000
13-07-22 12:55:56 [info]: App is UP and Running at PORT: nidhey27-rolocrm-fnl1l2xfazz:3000
13-07-22 12:56:09 [info]: App is UP and Running at PORT: nidhey27-rolocrm-fnl1l2xfazz:3000
13-07-22 12:56:14 [info]: App is UP and Running at PORT: nidhey27-rolocrm-fnl1l2xfazz:3000
13-07-22 12:56:20 [info]: App is UP and Running at PORT: nidhey27-rolocrm-fnl1l2xfazz:3000
13-07-22 12:56:22 [info]: App is UP and Running at PORT: nidhey27-rolocrm-fnl1l2xfazz:3000
